Start testing: Mar 22 13:41 EDT
----------------------------------------------------------
1/9 Testing: Runs
1/9 Test: Runs
Command: "/mnt/c/Users/kentr/Documents/GitHub/Cmake/help/guide/tutorial/step5/Tutorial" "25"
Directory: /mnt/c/Users/kentr/Documents/GitHub/Lab7Check4/CMake-Tutorial
"Runs" start time: Mar 22 13:41 EDT
Output:
----------------------------------------------------------
The square root of 25 is 5
<end of output>
Test time =   0.02 sec
----------------------------------------------------------
Test Passed.
"Runs" end time: Mar 22 13:41 EDT
"Runs" time elapsed: 00:00:00
----------------------------------------------------------

2/9 Testing: Usage
2/9 Test: Usage
Command: "/mnt/c/Users/kentr/Documents/GitHub/Cmake/help/guide/tutorial/step5/Tutorial"
Directory: /mnt/c/Users/kentr/Documents/GitHub/Lab7Check4/CMake-Tutorial
"Usage" start time: Mar 22 13:41 EDT
Output:
----------------------------------------------------------
/mnt/c/Users/kentr/Documents/GitHub/Cmake/help/guide/tutorial/step5/Tutorial Version 1.0
Usage: /mnt/c/Users/kentr/Documents/GitHub/Cmake/help/guide/tutorial/step5/Tutorial number
<end of output>
Test time =   0.03 sec
----------------------------------------------------------
Test Pass Reason:
Required regular expression found.Regex=[Usage:.*number
]
"Usage" end time: Mar 22 13:41 EDT
"Usage" time elapsed: 00:00:00
----------------------------------------------------------

3/9 Testing: Comp4
3/9 Test: Comp4
Command: "/mnt/c/Users/kentr/Documents/GitHub/Cmake/help/guide/tutorial/step5/Tutorial" "4"
Directory: /mnt/c/Users/kentr/Documents/GitHub/Lab7Check4/CMake-Tutorial
"Comp4" start time: Mar 22 13:41 EDT
Output:
----------------------------------------------------------
The square root of 4 is 2
<end of output>
Test time =   0.04 sec
----------------------------------------------------------
Test Pass Reason:
Required regular expression found.Regex=[4 is 2
]
"Comp4" end time: Mar 22 13:41 EDT
"Comp4" time elapsed: 00:00:00
----------------------------------------------------------

4/9 Testing: Comp9
4/9 Test: Comp9
Command: "/mnt/c/Users/kentr/Documents/GitHub/Cmake/help/guide/tutorial/step5/Tutorial" "9"
Directory: /mnt/c/Users/kentr/Documents/GitHub/Lab7Check4/CMake-Tutorial
"Comp9" start time: Mar 22 13:41 EDT
Output:
----------------------------------------------------------
The square root of 9 is 3
<end of output>
Test time =   0.04 sec
----------------------------------------------------------
Test Pass Reason:
Required regular expression found.Regex=[9 is 3
]
"Comp9" end time: Mar 22 13:41 EDT
"Comp9" time elapsed: 00:00:00
----------------------------------------------------------

5/9 Testing: Comp5
5/9 Test: Comp5
Command: "/mnt/c/Users/kentr/Documents/GitHub/Cmake/help/guide/tutorial/step5/Tutorial" "5"
Directory: /mnt/c/Users/kentr/Documents/GitHub/Lab7Check4/CMake-Tutorial
"Comp5" start time: Mar 22 13:41 EDT
Output:
----------------------------------------------------------
The square root of 5 is 2.23607
<end of output>
Test time =   0.04 sec
----------------------------------------------------------
Test Pass Reason:
Required regular expression found.Regex=[5 is 2.236
]
"Comp5" end time: Mar 22 13:41 EDT
"Comp5" time elapsed: 00:00:00
----------------------------------------------------------

6/9 Testing: Comp7
6/9 Test: Comp7
Command: "/mnt/c/Users/kentr/Documents/GitHub/Cmake/help/guide/tutorial/step5/Tutorial" "7"
Directory: /mnt/c/Users/kentr/Documents/GitHub/Lab7Check4/CMake-Tutorial
"Comp7" start time: Mar 22 13:41 EDT
Output:
----------------------------------------------------------
The square root of 7 is 2.64575
<end of output>
Test time =   0.04 sec
----------------------------------------------------------
Test Pass Reason:
Required regular expression found.Regex=[7 is 2.645
]
"Comp7" end time: Mar 22 13:41 EDT
"Comp7" time elapsed: 00:00:00
----------------------------------------------------------

7/9 Testing: Comp25
7/9 Test: Comp25
Command: "/mnt/c/Users/kentr/Documents/GitHub/Cmake/help/guide/tutorial/step5/Tutorial" "25"
Directory: /mnt/c/Users/kentr/Documents/GitHub/Lab7Check4/CMake-Tutorial
"Comp25" start time: Mar 22 13:41 EDT
Output:
----------------------------------------------------------
The square root of 25 is 5
<end of output>
Test time =   0.04 sec
----------------------------------------------------------
Test Pass Reason:
Required regular expression found.Regex=[25 is 5
]
"Comp25" end time: Mar 22 13:41 EDT
"Comp25" time elapsed: 00:00:00
----------------------------------------------------------

8/9 Testing: Comp-25
8/9 Test: Comp-25
Command: "/mnt/c/Users/kentr/Documents/GitHub/Cmake/help/guide/tutorial/step5/Tutorial" "-25"
Directory: /mnt/c/Users/kentr/Documents/GitHub/Lab7Check4/CMake-Tutorial
"Comp-25" start time: Mar 22 13:41 EDT
Output:
----------------------------------------------------------
The square root of -25 is -nan
<end of output>
Test time =   0.04 sec
----------------------------------------------------------
Test Pass Reason:
Required regular expression found.Regex=[-25 is (-nan|nan|0)
]
"Comp-25" end time: Mar 22 13:41 EDT
"Comp-25" time elapsed: 00:00:00
----------------------------------------------------------

9/9 Testing: Comp0.0001
9/9 Test: Comp0.0001
Command: "/mnt/c/Users/kentr/Documents/GitHub/Cmake/help/guide/tutorial/step5/Tutorial" "0.0001"
Directory: /mnt/c/Users/kentr/Documents/GitHub/Lab7Check4/CMake-Tutorial
"Comp0.0001" start time: Mar 22 13:41 EDT
Output:
----------------------------------------------------------
The square root of 0.0001 is 0.01
<end of output>
Test time =   0.04 sec
----------------------------------------------------------
Test Pass Reason:
Required regular expression found.Regex=[0.0001 is 0.01
]
"Comp0.0001" end time: Mar 22 13:41 EDT
"Comp0.0001" time elapsed: 00:00:00
----------------------------------------------------------

End testing: Mar 22 13:41 EDT
